Using pre-set license
Built from '2021.3/staging' branch; Version is '2021.3.21f1 (1b156197d683) revision 1774945'; Using compiler version '192829333'; Build Type 'Release'
OS: 'Windows 10  (10.0.19045) 64bit Professional' Language: 'de' Physical Memory: 32676 MB
BatchMode: 1, IsHumanControllingUs: 0, StartBugReporterOnCrash: 0, Is64bit: 1, IsPro: 1

COMMAND LINE ARGUMENTS:
C:\Program Files\Unity\Hub\Editor\2021.3.21f1\Editor\Unity.exe
-adb2
-batchMode
-noUpm
-name
AssetImportWorker0
-projectPath
D:/Unity/OpenRDW+HART/OpenRDW/OpenRDW
-logFile
Logs/AssetImportWorker0.log
-srvPort
61594
Successfully changed project path to: D:/Unity/OpenRDW+HART/OpenRDW/OpenRDW
D:/Unity/OpenRDW+HART/OpenRDW/OpenRDW
[UnityMemory] Configuration Parameters - Can be set up in boot.config
    "memorysetup-bucket-allocator-granularity=16"
    "memorysetup-bucket-allocator-bucket-count=8"
    "memorysetup-bucket-allocator-block-size=33554432"
    "memorysetup-bucket-allocator-block-count=8"
    "memorysetup-main-allocator-block-size=16777216"
    "memorysetup-thread-allocator-block-size=16777216"
    "memorysetup-gfx-main-allocator-block-size=16777216"
    "memorysetup-gfx-thread-allocator-block-size=16777216"
    "memorysetup-cache-allocator-block-size=4194304"
    "memorysetup-typetree-allocator-block-size=2097152"
    "memorysetup-profiler-bucket-allocator-granularity=16"
    "memorysetup-profiler-bucket-allocator-bucket-count=8"
    "memorysetup-profiler-bucket-allocator-block-size=33554432"
    "memorysetup-profiler-bucket-allocator-block-count=8"
    "memorysetup-profiler-allocator-block-size=16777216"
    "memorysetup-profiler-editor-allocator-block-size=1048576"
    "memorysetup-temp-allocator-size-main=16777216"
    "memorysetup-job-temp-allocator-block-size=2097152"
    "memorysetup-job-temp-allocator-block-size-background=1048576"
    "memorysetup-job-temp-allocator-reduction-small-platforms=262144"
    "memorysetup-temp-allocator-size-background-worker=32768"
    "memorysetup-temp-allocator-size-job-worker=262144"
    "memorysetup-temp-allocator-size-preload-manager=33554432"
    "memorysetup-temp-allocator-size-nav-mesh-worker=65536"
    "memorysetup-temp-allocator-size-audio-worker=65536"
    "memorysetup-temp-allocator-size-cloud-worker=32768"
    "memorysetup-temp-allocator-size-gi-baking-worker=262144"
    "memorysetup-temp-allocator-size-gfx=262144"
Player connection [18756] Host "[IP] 192.168.178.32 [Port] 0 [Flags] 2 [Guid] 1526803629 [EditorId] 1526803629 [Version] 1048832 [Id] WindowsEditor(7,Kennys-Kiste) [Debug] 1 [PackageName] WindowsEditor [ProjectName] Editor" joined multi-casting on [225.0.0.222:54997]...

Player connection [18756] Host "[IP] 192.168.178.32 [Port] 0 [Flags] 2 [Guid] 1526803629 [EditorId] 1526803629 [Version] 1048832 [Id] WindowsEditor(7,Kennys-Kiste) [Debug] 1 [PackageName] WindowsEditor [ProjectName] Editor" joined alternative multi-casting on [225.0.0.222:34997]...

Refreshing native plugins compatible for Editor in 48.82 ms, found 7 plugins.
Preloading 0 native plugins for Editor in 0.00 ms.
Initialize engine version: 2021.3.21f1 (1b156197d683)
[Subsystems] Discovering subsystems at path C:/Program Files/Unity/Hub/Editor/2021.3.21f1/Editor/Data/Resources/UnitySubsystems
[Subsystems] Discovering subsystems at path D:/Unity/OpenRDW+HART/OpenRDW/OpenRDW/Assets
GfxDevice: creating device client; threaded=0; jobified=0
Direct3D:
    Version:  Direct3D 11.0 [level 11.1]
    Renderer: AMD Radeon RX 5700 XT (ID=0x731f)
    Vendor:   ATI
    VRAM:     8151 MB
    Driver:   31.0.14057.5006
Initialize mono
Mono path[0] = 'C:/Program Files/Unity/Hub/Editor/2021.3.21f1/Editor/Data/Managed'
Mono path[1] = 'C:/Program Files/Unity/Hub/Editor/2021.3.21f1/Editor/Data/MonoBleedingEdge/lib/mono/unityjit-win32'
Mono config path = 'C:/Program Files/Unity/Hub/Editor/2021.3.21f1/Editor/Data/MonoBleedingEdge/etc'
Using monoOptions --debugger-agent=transport=dt_socket,embedding=1,server=y,suspend=n,address=127.0.0.1:56092
Begin MonoManager ReloadAssembly
Registering precompiled unity dll's ...
Register platform support module: C:/Program Files/Unity/Hub/Editor/2021.3.21f1/Editor/Data/PlaybackEngines/WindowsStandaloneSupport/UnityEditor.WindowsStandalone.Extensions.dll
Registered in 0.007208 seconds.
Native extension for WindowsStandalone target not found
Refreshing native plugins compatible for Editor in 40.12 ms, found 7 plugins.
Preloading 0 native plugins for Editor in 0.00 ms.
Mono: successfully reloaded assembly
- Completed reload, in  0.538 seconds
Domain Reload Profiling:
	ReloadAssembly (538ms)
		BeginReloadAssembly (76ms)
			ExecutionOrderSort (0ms)
			DisableScriptedObjects (0ms)
			BackupInstance (0ms)
			ReleaseScriptingObjects (0ms)
			CreateAndSetChildDomain (1ms)
		EndReloadAssembly (368ms)
			LoadAssemblies (74ms)
			RebuildTransferFunctionScriptingTraits (0ms)
			SetupTypeCache (94ms)
			ReleaseScriptCaches (0ms)
			RebuildScriptCaches (22ms)
			SetupLoadedEditorAssemblies (207ms)
				LogAssemblyErrors (0ms)
				InitializePlatformSupportModulesInManaged (7ms)
				SetLoadedEditorAssemblies (0ms)
				RefreshPlugins (40ms)
				BeforeProcessingInitializeOnLoad (1ms)
				ProcessInitializeOnLoadAttributes (119ms)
				ProcessInitializeOnLoadMethodAttributes (39ms)
				AfterProcessingInitializeOnLoad (0ms)
				EditorAssembliesLoaded (0ms)
			ExecutionOrderSort2 (0ms)
			AwakeInstancesAfterBackupRestoration (0ms)
Platform modules already initialized, skipping
Registering precompiled user dll's ...
Registered in 0.006871 seconds.
Begin MonoManager ReloadAssembly
Native extension for WindowsStandalone target not found
Refreshing native plugins compatible for Editor in 39.90 ms, found 7 plugins.
Preloading 0 native plugins for Editor in 0.00 ms.
Mono: successfully reloaded assembly
Package Manager log level set to [2]
- Completed reload, in  0.876 seconds
Domain Reload Profiling:
	ReloadAssembly (877ms)
		BeginReloadAssembly (108ms)
			ExecutionOrderSort (0ms)
			DisableScriptedObjects (5ms)
			BackupInstance (0ms)
			ReleaseScriptingObjects (0ms)
			CreateAndSetChildDomain (20ms)
		EndReloadAssembly (665ms)
			LoadAssemblies (84ms)
			RebuildTransferFunctionScriptingTraits (0ms)
			SetupTypeCache (193ms)
			ReleaseScriptCaches (1ms)
			RebuildScriptCaches (48ms)
			SetupLoadedEditorAssemblies (310ms)
				LogAssemblyErrors (0ms)
				InitializePlatformSupportModulesInManaged (4ms)
				SetLoadedEditorAssemblies (0ms)
				RefreshPlugins (40ms)
				BeforeProcessingInitializeOnLoad (60ms)
				ProcessInitializeOnLoadAttributes (176ms)
				ProcessInitializeOnLoadMethodAttributes (19ms)
				AfterProcessingInitializeOnLoad (10ms)
				EditorAssembliesLoaded (0ms)
			ExecutionOrderSort2 (0ms)
			AwakeInstancesAfterBackupRestoration (7ms)
Platform modules already initialized, skipping
========================================================================
Worker process is ready to serve import requests
Launched and connected shader compiler UnityShaderCompiler.exe after 0.04 seconds
Refreshing native plugins compatible for Editor in 0.73 ms, found 7 plugins.
Preloading 0 native plugins for Editor in 0.00 ms.
Unloading 2680 Unused Serialized files (Serialized files now loaded: 0)
Unloading 69 unused Assets / (22.2 MB). Loaded Objects now: 3108.
Memory consumption went from 168.2 MB to 146.0 MB.
Total: 7.039700 ms (FindLiveObjects: 0.257900 ms CreateObjectMapping: 0.070400 ms MarkObjects: 2.365700 ms  DeleteObjects: 4.343800 ms)

AssetImportParameters requested are different than current active one (requested -> active):
  custom:video-decoder-ogg-theora: a1e56fd34408186e4bbccfd4996cb3dc -> 
  custom:container-muxer-webm: aa71ff27fc2769a1b78a27578f13a17b -> 
  custom:container-demuxer-webm: 4f35f7cbe854078d1ac9338744f61a02 -> 
  custom:video-encoder-webm-vp8: eb34c28f22e8b96e1ab97ce403110664 -> 
  custom:audio-encoder-webm-vorbis: bf7c407c2cedff20999df2af8eb42d56 -> 
  custom:framework-win-MediaFoundation: 216162199b28c13a410421893ffa2e32 -> 
  custom:container-demuxer-ogg: 62fdf1f143b41e24485cea50d1cbac27 -> 
  custom:video-decoder-webm-vp8: 9c59270c3fd7afecdb556c50c9e8de78 -> 
  custom:audio-decoder-ogg-vorbis: bf7c407c2cedff20999df2af8eb42d56 -> 
========================================================================
Received Import Request.
  Time since last request: 51758.600563 seconds.
  path: Assets/Resources/Multiplayer Player.prefab
  artifactKey: Guid(bc1d688ca1725034f9e1dc75d3afbbff) Importer(815301076,1909f56bfc062723c751e8b465ee728b)
Start importing Assets/Resources/Multiplayer Player.prefab using Guid(bc1d688ca1725034f9e1dc75d3afbbff) Importer(815301076,1909f56bfc062723c751e8b465ee728b)  -> (artifact id: '2481961e43e607d4713a89b2fc2f8184') in 0.150205 seconds 
========================================================================
Received Import Request.
  Time since last request: 3.886463 seconds.
  path: Assets/Resources/Multiplayer Player.prefab
  artifactKey: Guid(bc1d688ca1725034f9e1dc75d3afbbff) Importer(815301076,1909f56bfc062723c751e8b465ee728b)
Start importing Assets/Resources/Multiplayer Player.prefab using Guid(bc1d688ca1725034f9e1dc75d3afbbff) Importer(815301076,1909f56bfc062723c751e8b465ee728b)  -> (artifact id: '56ec22597e4859c7f3c88018cee1f148') in 0.016782 seconds 
========================================================================
Received Import Request.
  Time since last request: 8.094989 seconds.
  path: Assets/Resources/Multiplayer Player.prefab
  artifactKey: Guid(bc1d688ca1725034f9e1dc75d3afbbff) Importer(815301076,1909f56bfc062723c751e8b465ee728b)
Start importing Assets/Resources/Multiplayer Player.prefab using Guid(bc1d688ca1725034f9e1dc75d3afbbff) Importer(815301076,1909f56bfc062723c751e8b465ee728b)  -> (artifact id: '8d6b6cbe7dc35dfec38ff7e4bcfa1a4d') in 0.016521 seconds 
========================================================================
Received Import Request.
  Time since last request: 3.501747 seconds.
  path: Assets/Resources/Multiplayer Player.prefab
  artifactKey: Guid(bc1d688ca1725034f9e1dc75d3afbbff) Importer(815301076,1909f56bfc062723c751e8b465ee728b)
Start importing Assets/Resources/Multiplayer Player.prefab using Guid(bc1d688ca1725034f9e1dc75d3afbbff) Importer(815301076,1909f56bfc062723c751e8b465ee728b)  -> (artifact id: 'd1e3c96fac161b62dd381dbe1d142a4b') in 0.014998 seconds 
========================================================================
Received Import Request.
  Time since last request: 1.384999 seconds.
  path: Assets/Resources/Multiplayer Player.prefab
  artifactKey: Guid(bc1d688ca1725034f9e1dc75d3afbbff) Importer(815301076,1909f56bfc062723c751e8b465ee728b)
Start importing Assets/Resources/Multiplayer Player.prefab using Guid(bc1d688ca1725034f9e1dc75d3afbbff) Importer(815301076,1909f56bfc062723c751e8b465ee728b)  -> (artifact id: 'd31f830c278648326122db41b38114a8') in 0.013946 seconds 
========================================================================
Received Prepare
Registering precompiled user dll's ...
Registered in 0.007533 seconds.
Begin MonoManager ReloadAssembly
Native extension for WindowsStandalone target not found
Refreshing native plugins compatible for Editor in 0.79 ms, found 7 plugins.
Preloading 0 native plugins for Editor in 0.00 ms.
Mono: successfully reloaded assembly
- Completed reload, in  0.926 seconds
Domain Reload Profiling:
	ReloadAssembly (927ms)
		BeginReloadAssembly (132ms)
			ExecutionOrderSort (0ms)
			DisableScriptedObjects (4ms)
			BackupInstance (0ms)
			ReleaseScriptingObjects (0ms)
			CreateAndSetChildDomain (36ms)
		EndReloadAssembly (695ms)
			LoadAssemblies (98ms)
			RebuildTransferFunctionScriptingTraits (0ms)
			SetupTypeCache (204ms)
			ReleaseScriptCaches (2ms)
			RebuildScriptCaches (58ms)
			SetupLoadedEditorAssemblies (294ms)
				LogAssemblyErrors (0ms)
				InitializePlatformSupportModulesInManaged (5ms)
				SetLoadedEditorAssemblies (0ms)
				RefreshPlugins (1ms)
				BeforeProcessingInitializeOnLoad (66ms)
				ProcessInitializeOnLoadAttributes (191ms)
				ProcessInitializeOnLoadMethodAttributes (19ms)
				AfterProcessingInitializeOnLoad (11ms)
				EditorAssembliesLoaded (0ms)
			ExecutionOrderSort2 (0ms)
			AwakeInstancesAfterBackupRestoration (8ms)
Platform modules already initialized, skipping
Refreshing native plugins compatible for Editor in 2.38 ms, found 7 plugins.
Preloading 0 native plugins for Editor in 0.00 ms.
Unloading 2607 Unused Serialized files (Serialized files now loaded: 0)
Unloading 60 unused Assets / (22.2 MB). Loaded Objects now: 3123.
Memory consumption went from 178.6 MB to 156.4 MB.
Total: 8.536600 ms (FindLiveObjects: 0.247500 ms CreateObjectMapping: 0.056700 ms MarkObjects: 2.253300 ms  DeleteObjects: 5.978200 ms)

AssetImportParameters requested are different than current active one (requested -> active):
  custom:video-decoder-ogg-theora: a1e56fd34408186e4bbccfd4996cb3dc -> 
  custom:container-muxer-webm: aa71ff27fc2769a1b78a27578f13a17b -> 
  custom:container-demuxer-webm: 4f35f7cbe854078d1ac9338744f61a02 -> 
  custom:video-encoder-webm-vp8: eb34c28f22e8b96e1ab97ce403110664 -> 
  custom:audio-encoder-webm-vorbis: bf7c407c2cedff20999df2af8eb42d56 -> 
  custom:framework-win-MediaFoundation: 216162199b28c13a410421893ffa2e32 -> 
  custom:container-demuxer-ogg: 62fdf1f143b41e24485cea50d1cbac27 -> 
  custom:video-decoder-webm-vp8: 9c59270c3fd7afecdb556c50c9e8de78 -> 
  custom:audio-decoder-ogg-vorbis: bf7c407c2cedff20999df2af8eb42d56 -> 
========================================================================
Received Import Request.
  Time since last request: 11.305013 seconds.
  path: Assets/Resources/Multiplayer Player.prefab
  artifactKey: Guid(bc1d688ca1725034f9e1dc75d3afbbff) Importer(815301076,1909f56bfc062723c751e8b465ee728b)
Start importing Assets/Resources/Multiplayer Player.prefab using Guid(bc1d688ca1725034f9e1dc75d3afbbff) Importer(815301076,1909f56bfc062723c751e8b465ee728b)  -> (artifact id: 'faf82db5abc61fd13bc06072e2244bc9') in 0.092823 seconds 
========================================================================
Received Import Request.
  Time since last request: 25.989864 seconds.
  path: Assets/Resources/Multiplayer Player.prefab
  artifactKey: Guid(bc1d688ca1725034f9e1dc75d3afbbff) Importer(815301076,1909f56bfc062723c751e8b465ee728b)
Start importing Assets/Resources/Multiplayer Player.prefab using Guid(bc1d688ca1725034f9e1dc75d3afbbff) Importer(815301076,1909f56bfc062723c751e8b465ee728b)  -> (artifact id: '4ae5f61741cdcc7ccd467a1f0b666c35') in 0.019622 seconds 
========================================================================
Received Import Request.
  Time since last request: 7.526784 seconds.
  path: Assets/Resources/Multiplayer Player.prefab
  artifactKey: Guid(bc1d688ca1725034f9e1dc75d3afbbff) Importer(815301076,1909f56bfc062723c751e8b465ee728b)
Start importing Assets/Resources/Multiplayer Player.prefab using Guid(bc1d688ca1725034f9e1dc75d3afbbff) Importer(815301076,1909f56bfc062723c751e8b465ee728b)  -> (artifact id: 'ac200d7837e6c4f2f02b2b7f8f8d24f8') in 0.016704 seconds 
========================================================================
Received Import Request.
  Time since last request: 7.641756 seconds.
  path: Assets/Resources/Multiplayer Player.prefab
  artifactKey: Guid(bc1d688ca1725034f9e1dc75d3afbbff) Importer(815301076,1909f56bfc062723c751e8b465ee728b)
Start importing Assets/Resources/Multiplayer Player.prefab using Guid(bc1d688ca1725034f9e1dc75d3afbbff) Importer(815301076,1909f56bfc062723c751e8b465ee728b)  -> (artifact id: '1880892efc06296d7ad93f851c6c29f6') in 0.016687 seconds 
========================================================================
Received Import Request.
  Time since last request: 1.386521 seconds.
  path: Assets/Resources/Multiplayer Player.prefab
  artifactKey: Guid(bc1d688ca1725034f9e1dc75d3afbbff) Importer(815301076,1909f56bfc062723c751e8b465ee728b)
Start importing Assets/Resources/Multiplayer Player.prefab using Guid(bc1d688ca1725034f9e1dc75d3afbbff) Importer(815301076,1909f56bfc062723c751e8b465ee728b)  -> (artifact id: '7eb20a92be428fc284615d2a16407a9a') in 0.014025 seconds 
========================================================================
Received Prepare
Registering precompiled user dll's ...
Registered in 0.006662 seconds.
Begin MonoManager ReloadAssembly
Native extension for WindowsStandalone target not found
Refreshing native plugins compatible for Editor in 0.83 ms, found 7 plugins.
Preloading 0 native plugins for Editor in 0.00 ms.
Mono: successfully reloaded assembly
- Completed reload, in  0.913 seconds
Domain Reload Profiling:
	ReloadAssembly (914ms)
		BeginReloadAssembly (134ms)
			ExecutionOrderSort (0ms)
			DisableScriptedObjects (4ms)
			BackupInstance (0ms)
			ReleaseScriptingObjects (0ms)
			CreateAndSetChildDomain (35ms)
		EndReloadAssembly (680ms)
			LoadAssemblies (97ms)
			RebuildTransferFunctionScriptingTraits (0ms)
			SetupTypeCache (207ms)
			ReleaseScriptCaches (2ms)
			RebuildScriptCaches (54ms)
			SetupLoadedEditorAssemblies (297ms)
				LogAssemblyErrors (0ms)
				InitializePlatformSupportModulesInManaged (6ms)
				SetLoadedEditorAssemblies (0ms)
				RefreshPlugins (1ms)
				BeforeProcessingInitializeOnLoad (62ms)
				ProcessInitializeOnLoadAttributes (197ms)
				ProcessInitializeOnLoadMethodAttributes (19ms)
				AfterProcessingInitializeOnLoad (11ms)
				EditorAssembliesLoaded (0ms)
			ExecutionOrderSort2 (0ms)
			AwakeInstancesAfterBackupRestoration (8ms)
Platform modules already initialized, skipping
Refreshing native plugins compatible for Editor in 2.75 ms, found 7 plugins.
Preloading 0 native plugins for Editor in 0.00 ms.
Unloading 2607 Unused Serialized files (Serialized files now loaded: 0)
Unloading 60 unused Assets / (22.2 MB). Loaded Objects now: 3127.
Memory consumption went from 178.6 MB to 156.4 MB.
Total: 8.081400 ms (FindLiveObjects: 0.247400 ms CreateObjectMapping: 0.061500 ms MarkObjects: 2.870200 ms  DeleteObjects: 4.899700 ms)

AssetImportParameters requested are different than current active one (requested -> active):
  custom:video-decoder-ogg-theora: a1e56fd34408186e4bbccfd4996cb3dc -> 
  custom:container-muxer-webm: aa71ff27fc2769a1b78a27578f13a17b -> 
  custom:container-demuxer-webm: 4f35f7cbe854078d1ac9338744f61a02 -> 
  custom:video-encoder-webm-vp8: eb34c28f22e8b96e1ab97ce403110664 -> 
  custom:audio-encoder-webm-vorbis: bf7c407c2cedff20999df2af8eb42d56 -> 
  custom:framework-win-MediaFoundation: 216162199b28c13a410421893ffa2e32 -> 
  custom:container-demuxer-ogg: 62fdf1f143b41e24485cea50d1cbac27 -> 
  custom:video-decoder-webm-vp8: 9c59270c3fd7afecdb556c50c9e8de78 -> 
  custom:audio-decoder-ogg-vorbis: bf7c407c2cedff20999df2af8eb42d56 -> 
========================================================================
Received Prepare
Registering precompiled user dll's ...
Registered in 0.007412 seconds.
Begin MonoManager ReloadAssembly
Native extension for WindowsStandalone target not found
Refreshing native plugins compatible for Editor in 1.70 ms, found 7 plugins.
Preloading 0 native plugins for Editor in 0.00 ms.
Mono: successfully reloaded assembly
- Completed reload, in  0.964 seconds
Domain Reload Profiling:
	ReloadAssembly (965ms)
		BeginReloadAssembly (134ms)
			ExecutionOrderSort (0ms)
			DisableScriptedObjects (4ms)
			BackupInstance (0ms)
			ReleaseScriptingObjects (0ms)
			CreateAndSetChildDomain (32ms)
		EndReloadAssembly (730ms)
			LoadAssemblies (101ms)
			RebuildTransferFunctionScriptingTraits (0ms)
			SetupTypeCache (206ms)
			ReleaseScriptCaches (2ms)
			RebuildScriptCaches (55ms)
			SetupLoadedEditorAssemblies (337ms)
				LogAssemblyErrors (0ms)
				InitializePlatformSupportModulesInManaged (6ms)
				SetLoadedEditorAssemblies (0ms)
				RefreshPlugins (2ms)
				BeforeProcessingInitializeOnLoad (78ms)
				ProcessInitializeOnLoadAttributes (216ms)
				ProcessInitializeOnLoadMethodAttributes (23ms)
				AfterProcessingInitializeOnLoad (12ms)
				EditorAssembliesLoaded (0ms)
			ExecutionOrderSort2 (0ms)
			AwakeInstancesAfterBackupRestoration (7ms)
Platform modules already initialized, skipping
Refreshing native plugins compatible for Editor in 2.75 ms, found 7 plugins.
Preloading 0 native plugins for Editor in 0.00 ms.
Unloading 2607 Unused Serialized files (Serialized files now loaded: 0)
Unloading 60 unused Assets / (22.2 MB). Loaded Objects now: 3131.
Memory consumption went from 178.6 MB to 156.4 MB.
Total: 7.980500 ms (FindLiveObjects: 0.263100 ms CreateObjectMapping: 0.063800 ms MarkObjects: 2.842600 ms  DeleteObjects: 4.809700 ms)

AssetImportParameters requested are different than current active one (requested -> active):
  custom:video-decoder-ogg-theora: a1e56fd34408186e4bbccfd4996cb3dc -> 
  custom:container-muxer-webm: aa71ff27fc2769a1b78a27578f13a17b -> 
  custom:container-demuxer-webm: 4f35f7cbe854078d1ac9338744f61a02 -> 
  custom:video-encoder-webm-vp8: eb34c28f22e8b96e1ab97ce403110664 -> 
  custom:audio-encoder-webm-vorbis: bf7c407c2cedff20999df2af8eb42d56 -> 
  custom:framework-win-MediaFoundation: 216162199b28c13a410421893ffa2e32 -> 
  custom:container-demuxer-ogg: 62fdf1f143b41e24485cea50d1cbac27 -> 
  custom:video-decoder-webm-vp8: 9c59270c3fd7afecdb556c50c9e8de78 -> 
  custom:audio-decoder-ogg-vorbis: bf7c407c2cedff20999df2af8eb42d56 -> 
========================================================================
Received Prepare
Registering precompiled user dll's ...
Registered in 0.007363 seconds.
Begin MonoManager ReloadAssembly
Native extension for WindowsStandalone target not found
Refreshing native plugins compatible for Editor in 0.95 ms, found 7 plugins.
Preloading 0 native plugins for Editor in 0.00 ms.
Mono: successfully reloaded assembly
- Completed reload, in  0.923 seconds
Domain Reload Profiling:
	ReloadAssembly (923ms)
		BeginReloadAssembly (131ms)
			ExecutionOrderSort (0ms)
			DisableScriptedObjects (5ms)
			BackupInstance (0ms)
			ReleaseScriptingObjects (0ms)
			CreateAndSetChildDomain (31ms)
		EndReloadAssembly (694ms)
			LoadAssemblies (99ms)
			RebuildTransferFunctionScriptingTraits (0ms)
			SetupTypeCache (204ms)
			ReleaseScriptCaches (2ms)
			RebuildScriptCaches (52ms)
			SetupLoadedEditorAssemblies (312ms)
				LogAssemblyErrors (0ms)
				InitializePlatformSupportModulesInManaged (6ms)
				SetLoadedEditorAssemblies (0ms)
				RefreshPlugins (1ms)
				BeforeProcessingInitializeOnLoad (72ms)
				ProcessInitializeOnLoadAttributes (202ms)
				ProcessInitializeOnLoadMethodAttributes (18ms)
				AfterProcessingInitializeOnLoad (11ms)
				EditorAssembliesLoaded (0ms)
			ExecutionOrderSort2 (0ms)
			AwakeInstancesAfterBackupRestoration (9ms)
Platform modules already initialized, skipping
Refreshing native plugins compatible for Editor in 2.42 ms, found 7 plugins.
Preloading 0 native plugins for Editor in 0.00 ms.
Unloading 2607 Unused Serialized files (Serialized files now loaded: 0)
Unloading 60 unused Assets / (22.2 MB). Loaded Objects now: 3135.
Memory consumption went from 178.7 MB to 156.5 MB.
Total: 7.014700 ms (FindLiveObjects: 0.264100 ms CreateObjectMapping: 0.062300 ms MarkObjects: 2.375300 ms  DeleteObjects: 4.311700 ms)

AssetImportParameters requested are different than current active one (requested -> active):
  custom:video-decoder-ogg-theora: a1e56fd34408186e4bbccfd4996cb3dc -> 
  custom:container-muxer-webm: aa71ff27fc2769a1b78a27578f13a17b -> 
  custom:container-demuxer-webm: 4f35f7cbe854078d1ac9338744f61a02 -> 
  custom:video-encoder-webm-vp8: eb34c28f22e8b96e1ab97ce403110664 -> 
  custom:audio-encoder-webm-vorbis: bf7c407c2cedff20999df2af8eb42d56 -> 
  custom:framework-win-MediaFoundation: 216162199b28c13a410421893ffa2e32 -> 
  custom:container-demuxer-ogg: 62fdf1f143b41e24485cea50d1cbac27 -> 
  custom:video-decoder-webm-vp8: 9c59270c3fd7afecdb556c50c9e8de78 -> 
  custom:audio-decoder-ogg-vorbis: bf7c407c2cedff20999df2af8eb42d56 -> 
========================================================================
Received Import Request.
  Time since last request: 200.276042 seconds.
  path: Assets/Resources/Multiplayer Player.prefab
  artifactKey: Guid(bc1d688ca1725034f9e1dc75d3afbbff) Importer(815301076,1909f56bfc062723c751e8b465ee728b)
Start importing Assets/Resources/Multiplayer Player.prefab using Guid(bc1d688ca1725034f9e1dc75d3afbbff) Importer(815301076,1909f56bfc062723c751e8b465ee728b)  -> (artifact id: 'c0ec67f6a072697ed19e8e8d82f16b95') in 0.090118 seconds 
========================================================================
Received Import Request.
  Time since last request: 12.092954 seconds.
  path: Assets/Resources/Multiplayer Player.prefab
  artifactKey: Guid(bc1d688ca1725034f9e1dc75d3afbbff) Importer(815301076,1909f56bfc062723c751e8b465ee728b)
Start importing Assets/Resources/Multiplayer Player.prefab using Guid(bc1d688ca1725034f9e1dc75d3afbbff) Importer(815301076,1909f56bfc062723c751e8b465ee728b)  -> (artifact id: '1e6c1548c8a428957a1286af8d34db94') in 0.024272 seconds 
========================================================================
Received Import Request.
  Time since last request: 2.262724 seconds.
  path: Assets/Resources/Multiplayer Player.prefab
  artifactKey: Guid(bc1d688ca1725034f9e1dc75d3afbbff) Importer(815301076,1909f56bfc062723c751e8b465ee728b)
Start importing Assets/Resources/Multiplayer Player.prefab using Guid(bc1d688ca1725034f9e1dc75d3afbbff) Importer(815301076,1909f56bfc062723c751e8b465ee728b)  -> (artifact id: '9b49ea15ba344447325a38ec15bc052e') in 0.016489 seconds 
========================================================================
Received Import Request.
  Time since last request: 4.877383 seconds.
  path: Assets/Resources/Multiplayer Player.prefab
  artifactKey: Guid(bc1d688ca1725034f9e1dc75d3afbbff) Importer(815301076,1909f56bfc062723c751e8b465ee728b)
Start importing Assets/Resources/Multiplayer Player.prefab using Guid(bc1d688ca1725034f9e1dc75d3afbbff) Importer(815301076,1909f56bfc062723c751e8b465ee728b)  -> (artifact id: 'fa4c1917adb074d2c71e763b77856b18') in 0.017371 seconds 
========================================================================
Received Import Request.
  Time since last request: 3.558084 seconds.
  path: Assets/Resources/Multiplayer Player.prefab
  artifactKey: Guid(bc1d688ca1725034f9e1dc75d3afbbff) Importer(815301076,1909f56bfc062723c751e8b465ee728b)
Start importing Assets/Resources/Multiplayer Player.prefab using Guid(bc1d688ca1725034f9e1dc75d3afbbff) Importer(815301076,1909f56bfc062723c751e8b465ee728b)  -> (artifact id: 'eb48d91b57190c21ec9fb657087c8fd3') in 0.015915 seconds 
========================================================================
Received Import Request.
  Time since last request: 4.615513 seconds.
  path: Assets/Resources/Multiplayer Player.prefab
  artifactKey: Guid(bc1d688ca1725034f9e1dc75d3afbbff) Importer(815301076,1909f56bfc062723c751e8b465ee728b)
Start importing Assets/Resources/Multiplayer Player.prefab using Guid(bc1d688ca1725034f9e1dc75d3afbbff) Importer(815301076,1909f56bfc062723c751e8b465ee728b)  -> (artifact id: '2bdc6f4c2a5d77f5b5d73e8ed6269823') in 0.016191 seconds 
========================================================================
Received Prepare
Registering precompiled user dll's ...
Registered in 0.007850 seconds.
Begin MonoManager ReloadAssembly
Native extension for WindowsStandalone target not found
Refreshing native plugins compatible for Editor in 1.16 ms, found 7 plugins.
Preloading 0 native plugins for Editor in 0.00 ms.
Mono: successfully reloaded assembly
- Completed reload, in  0.913 seconds
Domain Reload Profiling:
	ReloadAssembly (914ms)
		BeginReloadAssembly (131ms)
			ExecutionOrderSort (0ms)
			DisableScriptedObjects (4ms)
			BackupInstance (0ms)
			ReleaseScriptingObjects (0ms)
			CreateAndSetChildDomain (34ms)
		EndReloadAssembly (688ms)
			LoadAssemblies (98ms)
			RebuildTransferFunctionScriptingTraits (0ms)
			SetupTypeCache (204ms)
			ReleaseScriptCaches (2ms)
			RebuildScriptCaches (56ms)
			SetupLoadedEditorAssemblies (303ms)
				LogAssemblyErrors (0ms)
				InitializePlatformSupportModulesInManaged (7ms)
				SetLoadedEditorAssemblies (0ms)
				RefreshPlugins (1ms)
				BeforeProcessingInitializeOnLoad (69ms)
				ProcessInitializeOnLoadAttributes (194ms)
				ProcessInitializeOnLoadMethodAttributes (21ms)
				AfterProcessingInitializeOnLoad (11ms)
				EditorAssembliesLoaded (0ms)
			ExecutionOrderSort2 (0ms)
			AwakeInstancesAfterBackupRestoration (8ms)
Platform modules already initialized, skipping
Refreshing native plugins compatible for Editor in 2.26 ms, found 7 plugins.
Preloading 0 native plugins for Editor in 0.00 ms.
Unloading 2607 Unused Serialized files (Serialized files now loaded: 0)
Unloading 60 unused Assets / (22.2 MB). Loaded Objects now: 3143.
Memory consumption went from 178.9 MB to 156.7 MB.
Total: 7.611700 ms (FindLiveObjects: 0.267900 ms CreateObjectMapping: 0.060600 ms MarkObjects: 2.443500 ms  DeleteObjects: 4.838500 ms)

AssetImportParameters requested are different than current active one (requested -> active):
  custom:video-decoder-ogg-theora: a1e56fd34408186e4bbccfd4996cb3dc -> 
  custom:container-muxer-webm: aa71ff27fc2769a1b78a27578f13a17b -> 
  custom:container-demuxer-webm: 4f35f7cbe854078d1ac9338744f61a02 -> 
  custom:video-encoder-webm-vp8: eb34c28f22e8b96e1ab97ce403110664 -> 
  custom:audio-encoder-webm-vorbis: bf7c407c2cedff20999df2af8eb42d56 -> 
  custom:framework-win-MediaFoundation: 216162199b28c13a410421893ffa2e32 -> 
  custom:container-demuxer-ogg: 62fdf1f143b41e24485cea50d1cbac27 -> 
  custom:video-decoder-webm-vp8: 9c59270c3fd7afecdb556c50c9e8de78 -> 
  custom:audio-decoder-ogg-vorbis: bf7c407c2cedff20999df2af8eb42d56 -> 
========================================================================
Received Import Request.
  Time since last request: 58.269199 seconds.
  path: Assets/Resources/Multiplayer Player.prefab
  artifactKey: Guid(bc1d688ca1725034f9e1dc75d3afbbff) Importer(815301076,1909f56bfc062723c751e8b465ee728b)
Start importing Assets/Resources/Multiplayer Player.prefab using Guid(bc1d688ca1725034f9e1dc75d3afbbff) Importer(815301076,1909f56bfc062723c751e8b465ee728b)  -> (artifact id: '7f740d5327872367116bd101c238aa7c') in 0.097898 seconds 
========================================================================
Received Import Request.
  Time since last request: 5.509551 seconds.
  path: Assets/Resources/Multiplayer Player.prefab
  artifactKey: Guid(bc1d688ca1725034f9e1dc75d3afbbff) Importer(815301076,1909f56bfc062723c751e8b465ee728b)
Start importing Assets/Resources/Multiplayer Player.prefab using Guid(bc1d688ca1725034f9e1dc75d3afbbff) Importer(815301076,1909f56bfc062723c751e8b465ee728b)  -> (artifact id: '2a546bb8796bdfe6270ad60fbdcc52d1') in 0.017246 seconds 
========================================================================
Received Import Request.
  Time since last request: 10.268066 seconds.
  path: Assets/Resources/Multiplayer Player.prefab
  artifactKey: Guid(bc1d688ca1725034f9e1dc75d3afbbff) Importer(815301076,1909f56bfc062723c751e8b465ee728b)
Start importing Assets/Resources/Multiplayer Player.prefab using Guid(bc1d688ca1725034f9e1dc75d3afbbff) Importer(815301076,1909f56bfc062723c751e8b465ee728b)  -> (artifact id: 'dbfe864a4618a00042a595f8674e0989') in 0.017612 seconds 
========================================================================
Received Import Request.
  Time since last request: 3.474153 seconds.
  path: Assets/Resources/Multiplayer Player.prefab
  artifactKey: Guid(bc1d688ca1725034f9e1dc75d3afbbff) Importer(815301076,1909f56bfc062723c751e8b465ee728b)
Start importing Assets/Resources/Multiplayer Player.prefab using Guid(bc1d688ca1725034f9e1dc75d3afbbff) Importer(815301076,1909f56bfc062723c751e8b465ee728b)  -> (artifact id: '322d7f110050311a18ebbc5bfdbfb468') in 0.016582 seconds 
========================================================================
Received Import Request.
  Time since last request: 7.620582 seconds.
  path: Assets/Resources/Multiplayer Player.prefab
  artifactKey: Guid(bc1d688ca1725034f9e1dc75d3afbbff) Importer(815301076,1909f56bfc062723c751e8b465ee728b)
Start importing Assets/Resources/Multiplayer Player.prefab using Guid(bc1d688ca1725034f9e1dc75d3afbbff) Importer(815301076,1909f56bfc062723c751e8b465ee728b)  -> (artifact id: '2db816d55342f0f844f4543326208232') in 0.015041 seconds 
========================================================================
Received Prepare
Registering precompiled user dll's ...
Registered in 0.007634 seconds.
Begin MonoManager ReloadAssembly
Native extension for WindowsStandalone target not found
Refreshing native plugins compatible for Editor in 1.02 ms, found 7 plugins.
Preloading 0 native plugins for Editor in 0.00 ms.
Mono: successfully reloaded assembly
- Completed reload, in  0.938 seconds
Domain Reload Profiling:
	ReloadAssembly (938ms)
		BeginReloadAssembly (137ms)
			ExecutionOrderSort (0ms)
			DisableScriptedObjects (4ms)
			BackupInstance (0ms)
			ReleaseScriptingObjects (0ms)
			CreateAndSetChildDomain (34ms)
		EndReloadAssembly (698ms)
			LoadAssemblies (98ms)
			RebuildTransferFunctionScriptingTraits (0ms)
			SetupTypeCache (198ms)
			ReleaseScriptCaches (2ms)
			RebuildScriptCaches (61ms)
			SetupLoadedEditorAssemblies (317ms)
				LogAssemblyErrors (0ms)
				InitializePlatformSupportModulesInManaged (5ms)
				SetLoadedEditorAssemblies (0ms)
				RefreshPlugins (1ms)
				BeforeProcessingInitializeOnLoad (71ms)
				ProcessInitializeOnLoadAttributes (208ms)
				ProcessInitializeOnLoadMethodAttributes (22ms)
				AfterProcessingInitializeOnLoad (10ms)
				EditorAssembliesLoaded (0ms)
			ExecutionOrderSort2 (0ms)
			AwakeInstancesAfterBackupRestoration (7ms)
Platform modules already initialized, skipping
Refreshing native plugins compatible for Editor in 2.36 ms, found 7 plugins.
Preloading 0 native plugins for Editor in 0.00 ms.
Unloading 2607 Unused Serialized files (Serialized files now loaded: 0)
Unloading 60 unused Assets / (22.2 MB). Loaded Objects now: 3147.
Memory consumption went from 179.0 MB to 156.8 MB.
Total: 7.285900 ms (FindLiveObjects: 0.258300 ms CreateObjectMapping: 0.071300 ms MarkObjects: 2.520900 ms  DeleteObjects: 4.434000 ms)

AssetImportParameters requested are different than current active one (requested -> active):
  custom:video-decoder-ogg-theora: a1e56fd34408186e4bbccfd4996cb3dc -> 
  custom:container-muxer-webm: aa71ff27fc2769a1b78a27578f13a17b -> 
  custom:container-demuxer-webm: 4f35f7cbe854078d1ac9338744f61a02 -> 
  custom:video-encoder-webm-vp8: eb34c28f22e8b96e1ab97ce403110664 -> 
  custom:audio-encoder-webm-vorbis: bf7c407c2cedff20999df2af8eb42d56 -> 
  custom:framework-win-MediaFoundation: 216162199b28c13a410421893ffa2e32 -> 
  custom:container-demuxer-ogg: 62fdf1f143b41e24485cea50d1cbac27 -> 
  custom:video-decoder-webm-vp8: 9c59270c3fd7afecdb556c50c9e8de78 -> 
  custom:audio-decoder-ogg-vorbis: bf7c407c2cedff20999df2af8eb42d56 -> 
========================================================================
Received Import Request.
  Time since last request: 35.923220 seconds.
  path: Assets/Resources/Multiplayer Player.prefab
  artifactKey: Guid(bc1d688ca1725034f9e1dc75d3afbbff) Importer(815301076,1909f56bfc062723c751e8b465ee728b)
Start importing Assets/Resources/Multiplayer Player.prefab using Guid(bc1d688ca1725034f9e1dc75d3afbbff) Importer(815301076,1909f56bfc062723c751e8b465ee728b)  -> (artifact id: '416ba31e6a4d5853a8a37ad69eabd168') in 0.087778 seconds 
========================================================================
Received Import Request.
  Time since last request: 4.873496 seconds.
  path: Assets/Resources/Multiplayer Player.prefab
  artifactKey: Guid(bc1d688ca1725034f9e1dc75d3afbbff) Importer(815301076,1909f56bfc062723c751e8b465ee728b)
Start importing Assets/Resources/Multiplayer Player.prefab using Guid(bc1d688ca1725034f9e1dc75d3afbbff) Importer(815301076,1909f56bfc062723c751e8b465ee728b)  -> (artifact id: 'b066ce1244bea227333714ba12b4a483') in 0.020827 seconds 
========================================================================
Received Import Request.
  Time since last request: 5.483991 seconds.
  path: Assets/Resources/Multiplayer Player.prefab
  artifactKey: Guid(bc1d688ca1725034f9e1dc75d3afbbff) Importer(815301076,1909f56bfc062723c751e8b465ee728b)
Start importing Assets/Resources/Multiplayer Player.prefab using Guid(bc1d688ca1725034f9e1dc75d3afbbff) Importer(815301076,1909f56bfc062723c751e8b465ee728b)  -> (artifact id: '8d65ffe47160bdc56c2c3c1bcb957a61') in 0.015525 seconds 
========================================================================
Received Import Request.
  Time since last request: 2.864823 seconds.
  path: Assets/Resources/Multiplayer Player.prefab
  artifactKey: Guid(bc1d688ca1725034f9e1dc75d3afbbff) Importer(815301076,1909f56bfc062723c751e8b465ee728b)
Start importing Assets/Resources/Multiplayer Player.prefab using Guid(bc1d688ca1725034f9e1dc75d3afbbff) Importer(815301076,1909f56bfc062723c751e8b465ee728b)  -> (artifact id: '7dcc332f1d9bcd47e8ec6376a410fa39') in 0.015518 seconds 
========================================================================
Received Import Request.
  Time since last request: 2.800266 seconds.
  path: Assets/Resources/Multiplayer Player.prefab
  artifactKey: Guid(bc1d688ca1725034f9e1dc75d3afbbff) Importer(815301076,1909f56bfc062723c751e8b465ee728b)
Start importing Assets/Resources/Multiplayer Player.prefab using Guid(bc1d688ca1725034f9e1dc75d3afbbff) Importer(815301076,1909f56bfc062723c751e8b465ee728b)  -> (artifact id: '29554695adc9423179937e855cf5810b') in 0.013725 seconds 
========================================================================
Received Import Request.
  Time since last request: 4.967679 seconds.
  path: Assets/Resources/Multiplayer Player.prefab
  artifactKey: Guid(bc1d688ca1725034f9e1dc75d3afbbff) Importer(815301076,1909f56bfc062723c751e8b465ee728b)
Start importing Assets/Resources/Multiplayer Player.prefab using Guid(bc1d688ca1725034f9e1dc75d3afbbff) Importer(815301076,1909f56bfc062723c751e8b465ee728b)  -> (artifact id: 'd2a56f32731874c58ea1f6c015b1b528') in 0.020454 seconds 
========================================================================
Received Prepare
Registering precompiled user dll's ...
Registered in 0.007455 seconds.
Begin MonoManager ReloadAssembly
Native extension for WindowsStandalone target not found
Refreshing native plugins compatible for Editor in 0.85 ms, found 7 plugins.
Preloading 0 native plugins for Editor in 0.00 ms.
Mono: successfully reloaded assembly
- Completed reload, in  0.899 seconds
Domain Reload Profiling:
	ReloadAssembly (900ms)
		BeginReloadAssembly (134ms)
			ExecutionOrderSort (0ms)
			DisableScriptedObjects (4ms)
			BackupInstance (0ms)
			ReleaseScriptingObjects (0ms)
			CreateAndSetChildDomain (33ms)
		EndReloadAssembly (671ms)
			LoadAssemblies (102ms)
			RebuildTransferFunctionScriptingTraits (0ms)
			SetupTypeCache (202ms)
			ReleaseScriptCaches (2ms)
			RebuildScriptCaches (55ms)
			SetupLoadedEditorAssemblies (288ms)
				LogAssemblyErrors (0ms)
				InitializePlatformSupportModulesInManaged (6ms)
				SetLoadedEditorAssemblies (0ms)
				RefreshPlugins (1ms)
				BeforeProcessingInitializeOnLoad (63ms)
				ProcessInitializeOnLoadAttributes (180ms)
				ProcessInitializeOnLoadMethodAttributes (22ms)
				AfterProcessingInitializeOnLoad (16ms)
				EditorAssembliesLoaded (0ms)
			ExecutionOrderSort2 (0ms)
			AwakeInstancesAfterBackupRestoration (7ms)
Platform modules already initialized, skipping
Refreshing native plugins compatible for Editor in 2.61 ms, found 7 plugins.
Preloading 0 native plugins for Editor in 0.00 ms.
Unloading 2607 Unused Serialized files (Serialized files now loaded: 0)
Unloading 60 unused Assets / (22.2 MB). Loaded Objects now: 3151.
Memory consumption went from 179.2 MB to 157.0 MB.
Total: 7.549400 ms (FindLiveObjects: 0.277900 ms CreateObjectMapping: 0.064700 ms MarkObjects: 2.470900 ms  DeleteObjects: 4.734700 ms)

AssetImportParameters requested are different than current active one (requested -> active):
  custom:video-decoder-ogg-theora: a1e56fd34408186e4bbccfd4996cb3dc -> 
  custom:container-muxer-webm: aa71ff27fc2769a1b78a27578f13a17b -> 
  custom:container-demuxer-webm: 4f35f7cbe854078d1ac9338744f61a02 -> 
  custom:video-encoder-webm-vp8: eb34c28f22e8b96e1ab97ce403110664 -> 
  custom:audio-encoder-webm-vorbis: bf7c407c2cedff20999df2af8eb42d56 -> 
  custom:framework-win-MediaFoundation: 216162199b28c13a410421893ffa2e32 -> 
  custom:container-demuxer-ogg: 62fdf1f143b41e24485cea50d1cbac27 -> 
  custom:video-decoder-webm-vp8: 9c59270c3fd7afecdb556c50c9e8de78 -> 
  custom:audio-decoder-ogg-vorbis: bf7c407c2cedff20999df2af8eb42d56 -> 
========================================================================
Received Prepare
Registering precompiled user dll's ...
Registered in 0.007448 seconds.
Begin MonoManager ReloadAssembly
Native extension for WindowsStandalone target not found
Refreshing native plugins compatible for Editor in 1.25 ms, found 7 plugins.
Preloading 0 native plugins for Editor in 0.00 ms.
Mono: successfully reloaded assembly
- Completed reload, in  0.941 seconds
Domain Reload Profiling:
	ReloadAssembly (942ms)
		BeginReloadAssembly (128ms)
			ExecutionOrderSort (0ms)
			DisableScriptedObjects (4ms)
			BackupInstance (0ms)
			ReleaseScriptingObjects (0ms)
			CreateAndSetChildDomain (29ms)
		EndReloadAssembly (716ms)
			LoadAssemblies (99ms)
			RebuildTransferFunctionScriptingTraits (0ms)
			SetupTypeCache (208ms)
			ReleaseScriptCaches (2ms)
			RebuildScriptCaches (60ms)
			SetupLoadedEditorAssemblies (318ms)
				LogAssemblyErrors (0ms)
				InitializePlatformSupportModulesInManaged (8ms)
				SetLoadedEditorAssemblies (1ms)
				RefreshPlugins (1ms)
				BeforeProcessingInitializeOnLoad (74ms)
				ProcessInitializeOnLoadAttributes (202ms)
				ProcessInitializeOnLoadMethodAttributes (19ms)
				AfterProcessingInitializeOnLoad (12ms)
				EditorAssembliesLoaded (0ms)
			ExecutionOrderSort2 (0ms)
			AwakeInstancesAfterBackupRestoration (9ms)
Platform modules already initialized, skipping
Refreshing native plugins compatible for Editor in 2.30 ms, found 7 plugins.
Preloading 0 native plugins for Editor in 0.00 ms.
Unloading 2607 Unused Serialized files (Serialized files now loaded: 0)
Unloading 60 unused Assets / (22.2 MB). Loaded Objects now: 3155.
Memory consumption went from 179.2 MB to 157.0 MB.
Total: 7.235600 ms (FindLiveObjects: 0.266400 ms CreateObjectMapping: 0.062600 ms MarkObjects: 2.430000 ms  DeleteObjects: 4.475400 ms)

AssetImportParameters requested are different than current active one (requested -> active):
  custom:video-decoder-ogg-theora: a1e56fd34408186e4bbccfd4996cb3dc -> 
  custom:container-muxer-webm: aa71ff27fc2769a1b78a27578f13a17b -> 
  custom:container-demuxer-webm: 4f35f7cbe854078d1ac9338744f61a02 -> 
  custom:video-encoder-webm-vp8: eb34c28f22e8b96e1ab97ce403110664 -> 
  custom:audio-encoder-webm-vorbis: bf7c407c2cedff20999df2af8eb42d56 -> 
  custom:framework-win-MediaFoundation: 216162199b28c13a410421893ffa2e32 -> 
  custom:container-demuxer-ogg: 62fdf1f143b41e24485cea50d1cbac27 -> 
  custom:video-decoder-webm-vp8: 9c59270c3fd7afecdb556c50c9e8de78 -> 
  custom:audio-decoder-ogg-vorbis: bf7c407c2cedff20999df2af8eb42d56 -> 
========================================================================
Received Import Request.
  Time since last request: 35.751274 seconds.
  path: Assets/Resources/Multiplayer Player.prefab
  artifactKey: Guid(bc1d688ca1725034f9e1dc75d3afbbff) Importer(815301076,1909f56bfc062723c751e8b465ee728b)
Start importing Assets/Resources/Multiplayer Player.prefab using Guid(bc1d688ca1725034f9e1dc75d3afbbff) Importer(815301076,1909f56bfc062723c751e8b465ee728b)  -> (artifact id: '0422bac9b65eb4e4d1f3fa9f43892cae') in 0.093739 seconds 
========================================================================
Received Import Request.
  Time since last request: 13.823622 seconds.
  path: Assets/Resources/Multiplayer Player.prefab
  artifactKey: Guid(bc1d688ca1725034f9e1dc75d3afbbff) Importer(815301076,1909f56bfc062723c751e8b465ee728b)
Start importing Assets/Resources/Multiplayer Player.prefab using Guid(bc1d688ca1725034f9e1dc75d3afbbff) Importer(815301076,1909f56bfc062723c751e8b465ee728b)  -> (artifact id: '5118b5083bd9ad27f9c388d206b59f60') in 0.017320 seconds 
========================================================================
Received Import Request.
  Time since last request: 10.656235 seconds.
  path: Assets/Resources/Multiplayer Player.prefab
  artifactKey: Guid(bc1d688ca1725034f9e1dc75d3afbbff) Importer(815301076,1909f56bfc062723c751e8b465ee728b)
Start importing Assets/Resources/Multiplayer Player.prefab using Guid(bc1d688ca1725034f9e1dc75d3afbbff) Importer(815301076,1909f56bfc062723c751e8b465ee728b)  -> (artifact id: '68064bd10c910719ea2a80c7d378b9d5') in 0.017109 seconds 
========================================================================
Received Import Request.
  Time since last request: 7.837414 seconds.
  path: Assets/Resources/Multiplayer Player.prefab
  artifactKey: Guid(bc1d688ca1725034f9e1dc75d3afbbff) Importer(815301076,1909f56bfc062723c751e8b465ee728b)
Start importing Assets/Resources/Multiplayer Player.prefab using Guid(bc1d688ca1725034f9e1dc75d3afbbff) Importer(815301076,1909f56bfc062723c751e8b465ee728b)  -> (artifact id: '1996d71a1d1774d9e756a656355fa867') in 0.016217 seconds 
========================================================================
Received Import Request.
  Time since last request: 9.732863 seconds.
  path: Assets/Resources/Multiplayer Player.prefab
  artifactKey: Guid(bc1d688ca1725034f9e1dc75d3afbbff) Importer(815301076,1909f56bfc062723c751e8b465ee728b)
Start importing Assets/Resources/Multiplayer Player.prefab using Guid(bc1d688ca1725034f9e1dc75d3afbbff) Importer(815301076,1909f56bfc062723c751e8b465ee728b)  -> (artifact id: '26b5827865cb62b82d0afcfb9feef0d7') in 0.019289 seconds 
========================================================================
Received Import Request.
  Time since last request: 1.880784 seconds.
  path: Assets/Resources/Multiplayer Player.prefab
  artifactKey: Guid(bc1d688ca1725034f9e1dc75d3afbbff) Importer(815301076,1909f56bfc062723c751e8b465ee728b)
Start importing Assets/Resources/Multiplayer Player.prefab using Guid(bc1d688ca1725034f9e1dc75d3afbbff) Importer(815301076,1909f56bfc062723c751e8b465ee728b)  -> (artifact id: 'd378bec166c5cdc608bca7451c5c1e75') in 0.015237 seconds 
========================================================================
Received Import Request.
  Time since last request: 3.003753 seconds.
  path: Assets/Resources/Multiplayer Player.prefab
  artifactKey: Guid(bc1d688ca1725034f9e1dc75d3afbbff) Importer(815301076,1909f56bfc062723c751e8b465ee728b)
Start importing Assets/Resources/Multiplayer Player.prefab using Guid(bc1d688ca1725034f9e1dc75d3afbbff) Importer(815301076,1909f56bfc062723c751e8b465ee728b)  -> (artifact id: '0b0e0b27934327df0d01a2746ab470ca') in 0.016937 seconds 
========================================================================
Received Import Request.
  Time since last request: 2.695384 seconds.
  path: Assets/Resources/Multiplayer Player.prefab
  artifactKey: Guid(bc1d688ca1725034f9e1dc75d3afbbff) Importer(815301076,1909f56bfc062723c751e8b465ee728b)
Start importing Assets/Resources/Multiplayer Player.prefab using Guid(bc1d688ca1725034f9e1dc75d3afbbff) Importer(815301076,1909f56bfc062723c751e8b465ee728b)  -> (artifact id: 'ac47aa022e485693853ef108922ea16e') in 0.015390 seconds 
========================================================================
Received Import Request.
  Time since last request: 5.504960 seconds.
  path: Assets/Resources/Multiplayer Player.prefab
  artifactKey: Guid(bc1d688ca1725034f9e1dc75d3afbbff) Importer(815301076,1909f56bfc062723c751e8b465ee728b)
Start importing Assets/Resources/Multiplayer Player.prefab using Guid(bc1d688ca1725034f9e1dc75d3afbbff) Importer(815301076,1909f56bfc062723c751e8b465ee728b)  -> (artifact id: '70693e7cbac158296b76e9d923c3e028') in 0.017798 seconds 
========================================================================
Received Prepare
Registering precompiled user dll's ...
Registered in 0.007667 seconds.
Begin MonoManager ReloadAssembly
Native extension for WindowsStandalone target not found
Refreshing native plugins compatible for Editor in 0.90 ms, found 7 plugins.
Preloading 0 native plugins for Editor in 0.00 ms.
Mono: successfully reloaded assembly
- Completed reload, in  0.917 seconds
Domain Reload Profiling:
	ReloadAssembly (918ms)
		BeginReloadAssembly (135ms)
			ExecutionOrderSort (0ms)
			DisableScriptedObjects (4ms)
			BackupInstance (0ms)
			ReleaseScriptingObjects (0ms)
			CreateAndSetChildDomain (34ms)
		EndReloadAssembly (685ms)
			LoadAssemblies (97ms)
			RebuildTransferFunctionScriptingTraits (0ms)
			SetupTypeCache (206ms)
			ReleaseScriptCaches (2ms)
			RebuildScriptCaches (58ms)
			SetupLoadedEditorAssemblies (301ms)
				LogAssemblyErrors (0ms)
				InitializePlatformSupportModulesInManaged (6ms)
				SetLoadedEditorAssemblies (0ms)
				RefreshPlugins (1ms)
				BeforeProcessingInitializeOnLoad (62ms)
				ProcessInitializeOnLoadAttributes (203ms)
				ProcessInitializeOnLoadMethodAttributes (18ms)
				AfterProcessingInitializeOnLoad (11ms)
				EditorAssembliesLoaded (0ms)
			ExecutionOrderSort2 (0ms)
			AwakeInstancesAfterBackupRestoration (7ms)
Platform modules already initialized, skipping
Refreshing native plugins compatible for Editor in 2.64 ms, found 7 plugins.
Preloading 0 native plugins for Editor in 0.00 ms.
Unloading 2607 Unused Serialized files (Serialized files now loaded: 0)
Unloading 60 unused Assets / (22.2 MB). Loaded Objects now: 3159.
Memory consumption went from 179.2 MB to 157.0 MB.
Total: 9.224900 ms (FindLiveObjects: 0.286800 ms CreateObjectMapping: 0.061900 ms MarkObjects: 2.737400 ms  DeleteObjects: 6.137300 ms)

AssetImportParameters requested are different than current active one (requested -> active):
  custom:video-decoder-ogg-theora: a1e56fd34408186e4bbccfd4996cb3dc -> 
  custom:container-muxer-webm: aa71ff27fc2769a1b78a27578f13a17b -> 
  custom:container-demuxer-webm: 4f35f7cbe854078d1ac9338744f61a02 -> 
  custom:video-encoder-webm-vp8: eb34c28f22e8b96e1ab97ce403110664 -> 
  custom:audio-encoder-webm-vorbis: bf7c407c2cedff20999df2af8eb42d56 -> 
  custom:framework-win-MediaFoundation: 216162199b28c13a410421893ffa2e32 -> 
  custom:container-demuxer-ogg: 62fdf1f143b41e24485cea50d1cbac27 -> 
  custom:video-decoder-webm-vp8: 9c59270c3fd7afecdb556c50c9e8de78 -> 
  custom:audio-decoder-ogg-vorbis: bf7c407c2cedff20999df2af8eb42d56 -> 
========================================================================
Received Prepare
Registering precompiled user dll's ...
Registered in 0.008277 seconds.
Begin MonoManager ReloadAssembly
Native extension for WindowsStandalone target not found
Refreshing native plugins compatible for Editor in 0.86 ms, found 7 plugins.
Preloading 0 native plugins for Editor in 0.00 ms.
Mono: successfully reloaded assembly
- Completed reload, in  0.938 seconds
Domain Reload Profiling:
	ReloadAssembly (938ms)
		BeginReloadAssembly (133ms)
			ExecutionOrderSort (0ms)
			DisableScriptedObjects (4ms)
			BackupInstance (0ms)
			ReleaseScriptingObjects (0ms)
			CreateAndSetChildDomain (31ms)
		EndReloadAssembly (702ms)
			LoadAssemblies (100ms)
			RebuildTransferFunctionScriptingTraits (0ms)
			SetupTypeCache (205ms)
			ReleaseScriptCaches (2ms)
			RebuildScriptCaches (53ms)
			SetupLoadedEditorAssemblies (311ms)
				LogAssemblyErrors (0ms)
				InitializePlatformSupportModulesInManaged (6ms)
				SetLoadedEditorAssemblies (0ms)
				RefreshPlugins (1ms)
				BeforeProcessingInitializeOnLoad (71ms)
				ProcessInitializeOnLoadAttributes (201ms)
				ProcessInitializeOnLoadMethodAttributes (19ms)
				AfterProcessingInitializeOnLoad (11ms)
				EditorAssembliesLoaded (0ms)
			ExecutionOrderSort2 (0ms)
			AwakeInstancesAfterBackupRestoration (7ms)
Platform modules already initialized, skipping
Refreshing native plugins compatible for Editor in 2.71 ms, found 7 plugins.
Preloading 0 native plugins for Editor in 0.00 ms.
Unloading 2607 Unused Serialized files (Serialized files now loaded: 0)
Unloading 60 unused Assets / (22.2 MB). Loaded Objects now: 3163.
Memory consumption went from 179.2 MB to 157.0 MB.
Total: 7.991800 ms (FindLiveObjects: 0.247200 ms CreateObjectMapping: 0.061600 ms MarkObjects: 2.470100 ms  DeleteObjects: 5.211600 ms)

AssetImportParameters requested are different than current active one (requested -> active):
  custom:video-decoder-ogg-theora: a1e56fd34408186e4bbccfd4996cb3dc -> 
  custom:container-muxer-webm: aa71ff27fc2769a1b78a27578f13a17b -> 
  custom:container-demuxer-webm: 4f35f7cbe854078d1ac9338744f61a02 -> 
  custom:video-encoder-webm-vp8: eb34c28f22e8b96e1ab97ce403110664 -> 
  custom:audio-encoder-webm-vorbis: bf7c407c2cedff20999df2af8eb42d56 -> 
  custom:framework-win-MediaFoundation: 216162199b28c13a410421893ffa2e32 -> 
  custom:container-demuxer-ogg: 62fdf1f143b41e24485cea50d1cbac27 -> 
  custom:video-decoder-webm-vp8: 9c59270c3fd7afecdb556c50c9e8de78 -> 
  custom:audio-decoder-ogg-vorbis: bf7c407c2cedff20999df2af8eb42d56 -> 
========================================================================
Received Prepare
Registering precompiled user dll's ...
Registered in 0.007901 seconds.
Begin MonoManager ReloadAssembly
Native extension for WindowsStandalone target not found
Refreshing native plugins compatible for Editor in 0.79 ms, found 7 plugins.
Preloading 0 native plugins for Editor in 0.00 ms.
Mono: successfully reloaded assembly
- Completed reload, in  0.924 seconds
Domain Reload Profiling:
	ReloadAssembly (925ms)
		BeginReloadAssembly (135ms)
			ExecutionOrderSort (0ms)
			DisableScriptedObjects (5ms)
			BackupInstance (0ms)
			ReleaseScriptingObjects (0ms)
			CreateAndSetChildDomain (32ms)
		EndReloadAssembly (693ms)
			LoadAssemblies (99ms)
			RebuildTransferFunctionScriptingTraits (0ms)
			SetupTypeCache (204ms)
			ReleaseScriptCaches (2ms)
			RebuildScriptCaches (54ms)
			SetupLoadedEditorAssemblies (310ms)
				LogAssemblyErrors (0ms)
				InitializePlatformSupportModulesInManaged (6ms)
				SetLoadedEditorAssemblies (0ms)
				RefreshPlugins (1ms)
				BeforeProcessingInitializeOnLoad (73ms)
				ProcessInitializeOnLoadAttributes (200ms)
				ProcessInitializeOnLoadMethodAttributes (21ms)
				AfterProcessingInitializeOnLoad (10ms)
				EditorAssembliesLoaded (0ms)
			ExecutionOrderSort2 (0ms)
			AwakeInstancesAfterBackupRestoration (7ms)
Platform modules already initialized, skipping
Refreshing native plugins compatible for Editor in 2.67 ms, found 7 plugins.
Preloading 0 native plugins for Editor in 0.00 ms.
Unloading 2607 Unused Serialized files (Serialized files now loaded: 0)
Unloading 60 unused Assets / (22.2 MB). Loaded Objects now: 3167.
Memory consumption went from 179.2 MB to 157.0 MB.
Total: 6.827800 ms (FindLiveObjects: 0.252900 ms CreateObjectMapping: 0.070900 ms MarkObjects: 2.219900 ms  DeleteObjects: 4.282800 ms)

AssetImportParameters requested are different than current active one (requested -> active):
  custom:video-decoder-ogg-theora: a1e56fd34408186e4bbccfd4996cb3dc -> 
  custom:container-muxer-webm: aa71ff27fc2769a1b78a27578f13a17b -> 
  custom:container-demuxer-webm: 4f35f7cbe854078d1ac9338744f61a02 -> 
  custom:video-encoder-webm-vp8: eb34c28f22e8b96e1ab97ce403110664 -> 
  custom:audio-encoder-webm-vorbis: bf7c407c2cedff20999df2af8eb42d56 -> 
  custom:framework-win-MediaFoundation: 216162199b28c13a410421893ffa2e32 -> 
  custom:container-demuxer-ogg: 62fdf1f143b41e24485cea50d1cbac27 -> 
  custom:video-decoder-webm-vp8: 9c59270c3fd7afecdb556c50c9e8de78 -> 
  custom:audio-decoder-ogg-vorbis: bf7c407c2cedff20999df2af8eb42d56 -> 
========================================================================
Received Import Request.
  Time since last request: 73.358895 seconds.
  path: Assets/Resources/Multiplayer Player.prefab
  artifactKey: Guid(bc1d688ca1725034f9e1dc75d3afbbff) Importer(815301076,1909f56bfc062723c751e8b465ee728b)
Start importing Assets/Resources/Multiplayer Player.prefab using Guid(bc1d688ca1725034f9e1dc75d3afbbff) Importer(815301076,1909f56bfc062723c751e8b465ee728b)  -> (artifact id: 'acce5d92b45d2fcd3a82f879535f37e7') in 0.094147 seconds 
========================================================================
Received Import Request.
  Time since last request: 5.710040 seconds.
  path: Assets/Resources/Multiplayer Player.prefab
  artifactKey: Guid(bc1d688ca1725034f9e1dc75d3afbbff) Importer(815301076,1909f56bfc062723c751e8b465ee728b)
Start importing Assets/Resources/Multiplayer Player.prefab using Guid(bc1d688ca1725034f9e1dc75d3afbbff) Importer(815301076,1909f56bfc062723c751e8b465ee728b)  -> (artifact id: '50fac0183f0fe0d86e3cccdd67fdb221') in 0.015603 seconds 
========================================================================
Received Import Request.
  Time since last request: 3.792543 seconds.
  path: Assets/Resources/Multiplayer Player.prefab
  artifactKey: Guid(bc1d688ca1725034f9e1dc75d3afbbff) Importer(815301076,1909f56bfc062723c751e8b465ee728b)
Start importing Assets/Resources/Multiplayer Player.prefab using Guid(bc1d688ca1725034f9e1dc75d3afbbff) Importer(815301076,1909f56bfc062723c751e8b465ee728b)  -> (artifact id: '863c16dc499bd39b1f13c2852e8a5386') in 0.014137 seconds 
========================================================================
Received Import Request.
  Time since last request: 22.415894 seconds.
  path: Assets/Resources/Multiplayer Player.prefab
  artifactKey: Guid(bc1d688ca1725034f9e1dc75d3afbbff) Importer(815301076,1909f56bfc062723c751e8b465ee728b)
Start importing Assets/Resources/Multiplayer Player.prefab using Guid(bc1d688ca1725034f9e1dc75d3afbbff) Importer(815301076,1909f56bfc062723c751e8b465ee728b)  -> (artifact id: '95c956214edd05a8d474bad5c7e8a2f8') in 0.015444 seconds 
========================================================================
Received Import Request.
  Time since last request: 3.232189 seconds.
  path: Assets/Resources/Multiplayer Player.prefab
  artifactKey: Guid(bc1d688ca1725034f9e1dc75d3afbbff) Importer(815301076,1909f56bfc062723c751e8b465ee728b)
Start importing Assets/Resources/Multiplayer Player.prefab using Guid(bc1d688ca1725034f9e1dc75d3afbbff) Importer(815301076,1909f56bfc062723c751e8b465ee728b)  -> (artifact id: '203c7e53d36cafb63a4f7ff63ab05e65') in 0.013734 seconds 
========================================================================
Received Import Request.
  Time since last request: 11.085064 seconds.
  path: Assets/Resources/Multiplayer Player.prefab
  artifactKey: Guid(bc1d688ca1725034f9e1dc75d3afbbff) Importer(815301076,1909f56bfc062723c751e8b465ee728b)
Start importing Assets/Resources/Multiplayer Player.prefab using Guid(bc1d688ca1725034f9e1dc75d3afbbff) Importer(815301076,1909f56bfc062723c751e8b465ee728b)  -> (artifact id: '8a0abf135555fdf47727bc70e03e633b') in 0.016572 seconds 
========================================================================
Received Import Request.
  Time since last request: 3.797236 seconds.
  path: Assets/Resources/Multiplayer Player.prefab
  artifactKey: Guid(bc1d688ca1725034f9e1dc75d3afbbff) Importer(815301076,1909f56bfc062723c751e8b465ee728b)
Start importing Assets/Resources/Multiplayer Player.prefab using Guid(bc1d688ca1725034f9e1dc75d3afbbff) Importer(815301076,1909f56bfc062723c751e8b465ee728b)  -> (artifact id: '461b08a42848644a958649c3867805e1') in 0.014482 seconds 
========================================================================
Received Prepare
Registering precompiled user dll's ...
Registered in 0.007996 seconds.
Begin MonoManager ReloadAssembly
Native extension for WindowsStandalone target not found
Refreshing native plugins compatible for Editor in 0.64 ms, found 7 plugins.
Preloading 0 native plugins for Editor in 0.00 ms.
Mono: successfully reloaded assembly
- Completed reload, in  0.930 seconds
Domain Reload Profiling:
	ReloadAssembly (930ms)
		BeginReloadAssembly (131ms)
			ExecutionOrderSort (0ms)
			DisableScriptedObjects (4ms)
			BackupInstance (0ms)
			ReleaseScriptingObjects (0ms)
			CreateAndSetChildDomain (32ms)
		EndReloadAssembly (705ms)
			LoadAssemblies (96ms)
			RebuildTransferFunctionScriptingTraits (0ms)
			SetupTypeCache (212ms)
			ReleaseScriptCaches (2ms)
			RebuildScriptCaches (63ms)
			SetupLoadedEditorAssemblies (307ms)
				LogAssemblyErrors (0ms)
				InitializePlatformSupportModulesInManaged (6ms)
				SetLoadedEditorAssemblies (0ms)
				RefreshPlugins (1ms)
				BeforeProcessingInitializeOnLoad (68ms)
				ProcessInitializeOnLoadAttributes (200ms)
				ProcessInitializeOnLoadMethodAttributes (22ms)
				AfterProcessingInitializeOnLoad (10ms)
				EditorAssembliesLoaded (0ms)
			ExecutionOrderSort2 (0ms)
			AwakeInstancesAfterBackupRestoration (9ms)
Platform modules already initialized, skipping
Refreshing native plugins compatible for Editor in 2.56 ms, found 7 plugins.
Preloading 0 native plugins for Editor in 0.00 ms.
Unloading 2607 Unused Serialized files (Serialized files now loaded: 0)
Unloading 60 unused Assets / (22.2 MB). Loaded Objects now: 3171.
Memory consumption went from 179.3 MB to 157.0 MB.
Total: 8.075800 ms (FindLiveObjects: 0.303900 ms CreateObjectMapping: 0.067400 ms MarkObjects: 2.566600 ms  DeleteObjects: 5.136300 ms)

AssetImportParameters requested are different than current active one (requested -> active):
  custom:video-decoder-ogg-theora: a1e56fd34408186e4bbccfd4996cb3dc -> 
  custom:container-muxer-webm: aa71ff27fc2769a1b78a27578f13a17b -> 
  custom:container-demuxer-webm: 4f35f7cbe854078d1ac9338744f61a02 -> 
  custom:video-encoder-webm-vp8: eb34c28f22e8b96e1ab97ce403110664 -> 
  custom:audio-encoder-webm-vorbis: bf7c407c2cedff20999df2af8eb42d56 -> 
  custom:framework-win-MediaFoundation: 216162199b28c13a410421893ffa2e32 -> 
  custom:container-demuxer-ogg: 62fdf1f143b41e24485cea50d1cbac27 -> 
  custom:video-decoder-webm-vp8: 9c59270c3fd7afecdb556c50c9e8de78 -> 
  custom:audio-decoder-ogg-vorbis: bf7c407c2cedff20999df2af8eb42d56 -> 
========================================================================
Received Import Request.
  Time since last request: 29.784392 seconds.
  path: Assets/Resources/Multiplayer Player.prefab
  artifactKey: Guid(bc1d688ca1725034f9e1dc75d3afbbff) Importer(815301076,1909f56bfc062723c751e8b465ee728b)
Start importing Assets/Resources/Multiplayer Player.prefab using Guid(bc1d688ca1725034f9e1dc75d3afbbff) Importer(815301076,1909f56bfc062723c751e8b465ee728b)  -> (artifact id: '99881bcb44e3ae86aabc9fe6847e78db') in 0.081472 seconds 
========================================================================
Received Import Request.
  Time since last request: 4.754433 seconds.
  path: Assets/Resources/Multiplayer Player.prefab
  artifactKey: Guid(bc1d688ca1725034f9e1dc75d3afbbff) Importer(815301076,1909f56bfc062723c751e8b465ee728b)
Start importing Assets/Resources/Multiplayer Player.prefab using Guid(bc1d688ca1725034f9e1dc75d3afbbff) Importer(815301076,1909f56bfc062723c751e8b465ee728b)  -> (artifact id: 'c0f3807daecf027c88fed1b0d7cee4f0') in 0.013315 seconds 
========================================================================
Received Prepare
Registering precompiled user dll's ...
Registered in 0.007261 seconds.
Begin MonoManager ReloadAssembly
Native extension for WindowsStandalone target not found
Refreshing native plugins compatible for Editor in 0.82 ms, found 7 plugins.
Preloading 0 native plugins for Editor in 0.00 ms.
Mono: successfully reloaded assembly
- Completed reload, in  0.904 seconds
Domain Reload Profiling:
	ReloadAssembly (904ms)
		BeginReloadAssembly (134ms)
			ExecutionOrderSort (0ms)
			DisableScriptedObjects (4ms)
			BackupInstance (0ms)
			ReleaseScriptingObjects (0ms)
			CreateAndSetChildDomain (36ms)
		EndReloadAssembly (675ms)
			LoadAssemblies (94ms)
			RebuildTransferFunctionScriptingTraits (0ms)
			SetupTypeCache (203ms)
			ReleaseScriptCaches (2ms)
			RebuildScriptCaches (56ms)
			SetupLoadedEditorAssemblies (293ms)
				LogAssemblyErrors (0ms)
				InitializePlatformSupportModulesInManaged (6ms)
				SetLoadedEditorAssemblies (0ms)
				RefreshPlugins (1ms)
				BeforeProcessingInitializeOnLoad (64ms)
				ProcessInitializeOnLoadAttributes (190ms)
				ProcessInitializeOnLoadMethodAttributes (22ms)
				AfterProcessingInitializeOnLoad (10ms)
				EditorAssembliesLoaded (0ms)
			ExecutionOrderSort2 (0ms)
			AwakeInstancesAfterBackupRestoration (8ms)
Platform modules already initialized, skipping
Refreshing native plugins compatible for Editor in 2.63 ms, found 7 plugins.
Preloading 0 native plugins for Editor in 0.00 ms.
Unloading 2607 Unused Serialized files (Serialized files now loaded: 0)
Unloading 60 unused Assets / (22.2 MB). Loaded Objects now: 3175.
Memory consumption went from 179.3 MB to 157.1 MB.
Total: 6.810600 ms (FindLiveObjects: 0.246400 ms CreateObjectMapping: 0.061200 ms MarkObjects: 2.302800 ms  DeleteObjects: 4.199200 ms)

AssetImportParameters requested are different than current active one (requested -> active):
  custom:video-decoder-ogg-theora: a1e56fd34408186e4bbccfd4996cb3dc -> 
  custom:container-muxer-webm: aa71ff27fc2769a1b78a27578f13a17b -> 
  custom:container-demuxer-webm: 4f35f7cbe854078d1ac9338744f61a02 -> 
  custom:video-encoder-webm-vp8: eb34c28f22e8b96e1ab97ce403110664 -> 
  custom:audio-encoder-webm-vorbis: bf7c407c2cedff20999df2af8eb42d56 -> 
  custom:framework-win-MediaFoundation: 216162199b28c13a410421893ffa2e32 -> 
  custom:container-demuxer-ogg: 62fdf1f143b41e24485cea50d1cbac27 -> 
  custom:video-decoder-webm-vp8: 9c59270c3fd7afecdb556c50c9e8de78 -> 
  custom:audio-decoder-ogg-vorbis: bf7c407c2cedff20999df2af8eb42d56 -> 
