Base path: 'C:/Program Files/Unity/Hub/Editor/2019.4.8f1/Editor/Data', plugins path 'C:/Program Files/Unity/Hub/Editor/2019.4.8f1/Editor/Data/PlaybackEngines'
Cmd: initializeCompiler
Cmd: compileComputeKernel
  api=4 insize=958 outsize=1502 ok=1
Cmd: compileComputeKernel
  api=4 insize=759 outsize=695 ok=1
Cmd: compileComputeKernel
  api=4 insize=3405 outsize=3084 ok=1
Cmd: compileComputeKernel
  api=4 insize=3405 outsize=15993 ok=1
Cmd: compileComputeKernel
  api=4 insize=12919 outsize=1579 ok=1
Cmd: compileComputeKernel
  api=4 insize=11176 outsize=9840 ok=1
Cmd: compileComputeKernel
  api=4 insize=80321 outsize=10239 ok=1
Cmd: compileComputeKernel
  api=4 insize=80321 outsize=3398 ok=1
Cmd: compileComputeKernel
  api=4 insize=80321 outsize=3447 ok=1
Cmd: compileComputeKernel
  api=4 insize=80321 outsize=3485 ok=1
Cmd: compileComputeKernel
  api=4 insize=80321 outsize=5071 ok=1
Cmd: compileComputeKernel
  api=4 insize=80321 outsize=5218 ok=1
Cmd: compileComputeKernel
  api=4 insize=80321 outsize=3370 ok=1
Cmd: compileComputeKernel
  api=4 insize=80321 outsize=923 ok=1
Cmd: compileComputeKernel
  api=4 insize=4703 outsize=3574 ok=1
Cmd: compileComputeKernel
  api=4 insize=75201 outsize=5651 ok=1
Cmd: compileComputeKernel
  api=4 insize=467 outsize=3140 ok=1
Cmd: compileComputeKernel
  api=4 insize=958 outsize=1497 ok=1
Cmd: compileComputeKernel
  error: 1 plat 4 at Conv2d.cginc(756): signed/unsigned mismatch, unsigned assumed
  api=4 insize=776 outsize=9765 ok=1
Cmd: compileComputeKernel
  api=4 insize=10470 outsize=629 ok=1
Cmd: compileComputeKernel
  api=4 insize=10470 outsize=701 ok=1
Cmd: compileComputeKernel
  api=4 insize=10470 outsize=1246 ok=1
Cmd: compileComputeKernel
  api=4 insize=10470 outsize=677 ok=1
Cmd: compileComputeKernel
  api=4 insize=10470 outsize=1321 ok=1
Cmd: compileComputeKernel
  api=4 insize=10470 outsize=1306 ok=1
Cmd: compileComputeKernel
  api=4 insize=10470 outsize=1359 ok=1
Cmd: compileComputeKernel
  api=4 insize=10470 outsize=1346 ok=1
Cmd: compileComputeKernel
  api=4 insize=10470 outsize=1397 ok=1
Cmd: compileComputeKernel
  api=4 insize=10470 outsize=1378 ok=1
Cmd: compileComputeKernel
  api=4 insize=10470 outsize=1384 ok=1
